<?xml version="1.0" encoding="UTF-8"?>
<testng-results ignored="0" total="1" passed="1" failed="0" skipped="0">
  <reporter-output>
  </reporter-output>
  <suite started-at="2024-08-23T11:01:28 IST" name="Default suite" finished-at="2024-08-23T11:01:42 IST" duration-ms="14545">
    <groups>
    </groups>
    <test started-at="2024-08-23T11:01:28 IST" name="Default test" finished-at="2024-08-23T11:01:42 IST" duration-ms="14545">
      <class name="tests.CreateOrgWithTypeAndIndustryTest">
        <test-method is-config="true" signature="classConfig()[pri:0, instance:tests.CreateOrgWithTypeAndIndustryTest@25ce9dc4]" started-at="2024-08-23T11:01:28 IST" name="classConfig" finished-at="2024-08-23T11:01:29 IST" duration-ms="1701" status="PASS">
          <reporter-output>
          </reporter-output>
        </test-method> <!-- classConfig -->
        <test-method is-config="true" signature="methodConfig()[pri:0, instance:tests.CreateOrgWithTypeAndIndustryTest@25ce9dc4]" started-at="2024-08-23T11:01:29 IST" name="methodConfig" finished-at="2024-08-23T11:01:34 IST" duration-ms="4093" status="PASS">
          <reporter-output>
          </reporter-output>
        </test-method> <!-- methodConfig -->
        <test-method signature="createOrgTest()[pri:0, instance:tests.CreateOrgWithTypeAndIndustryTest@25ce9dc4]" started-at="2024-08-23T11:01:34 IST" name="createOrgTest" finished-at="2024-08-23T11:01:39 IST" duration-ms="5731" status="PASS">
          <reporter-output>
          </reporter-output>
        </test-method> <!-- createOrgTest -->
        <test-method is-config="true" signature="methodTeardown()[pri:0, instance:tests.CreateOrgWithTypeAndIndustryTest@25ce9dc4]" started-at="2024-08-23T11:01:39 IST" name="methodTeardown" finished-at="2024-08-23T11:01:42 IST" duration-ms="2511" status="PASS">
          <reporter-output>
          </reporter-output>
        </test-method> <!-- methodTeardown -->
        <test-method is-config="true" signature="classTeardown()[pri:0, instance:tests.CreateOrgWithTypeAndIndustryTest@25ce9dc4]" started-at="2024-08-23T11:01:42 IST" name="classTeardown" finished-at="2024-08-23T11:01:42 IST" duration-ms="459" status="PASS">
          <reporter-output>
          </reporter-output>
        </test-method> <!-- classTeardown -->
      </class> <!-- tests.CreateOrgWithTypeAndIndustryTest -->
    </test> <!-- Default test -->
  </suite> <!-- Default suite -->
</testng-results>
